#
# A fatal error has been detected by the Java Runtime Environment:
#
#  EXCEPTION_ACCESS_VIOLATION (0xc0000005) at pc=0x00007ff835862c62, pid=2056, tid=8800
#
# JRE version: Java(TM) SE Runtime Environment (17.0+35) (build 17+35-LTS-2724)
# Java VM: Java HotSpot(TM) 64-Bit Server VM (17+35-LTS-2724, mixed mode, sharing, tiered, compressed oops, compressed class ptrs, g1 gc, windows-amd64)
# Problematic frame:
# C  [ntdll.dll+0x32c62]
#
# No core dump will be written. Minidumps are not enabled by default on client versions of Windows
#
# If you would like to submit a bug report, please visit:
#   https://bugreport.java.com/bugreport/crash.jsp
# The crash happened outside the Java Virtual Machine in native code.
# See problematic frame for where to report the bug.
#

---------------  S U M M A R Y ------------

Command Line: -Dfile.encoding=Cp1252 -XX:+ShowCodeDetailsInExceptionMessages com.gcstudios.main.Game

Host: AMD Ryzen 5 5600X 6-Core Processor             , 12 cores, 15G,  Windows 10 , 64 bit Build 19041 (10.0.19041.1645)
Time: Fri Apr 15 12:46:01 2022 Hora de Verão de GMT elapsed time: 12.209472 seconds (0d 0h 0m 12s)

---------------  T H R E A D  ---------------

Current thread (0x0000022cb3a23ba0):  JavaThread "Thread-0" [_thread_in_native, id=8800, stack(0x000000c6589d0000,0x000000c658ad0000)]

Stack: [0x000000c6589d0000,0x000000c658ad0000],  sp=0x000000c658ace020,  free space=1016k
Native frames: (J=compiled Java code, j=interpreted, Vv=VM code, C=native code)
C  [ntdll.dll+0x32c62]
C  [ntdll.dll+0x5136c]
C  [ntdll.dll+0xa0bfe]
C  [ntdll.dll+0x63416]
C  [ntdll.dll+0x2fcb4]
C  [ntdll.dll+0x2fae2]
C  0x00007ff82733d65c

Java frames: (J=compiled Java code, j=interpreted, Vv=VM code)
j  sun.java2d.d3d.D3DSurfaceData.initOps(III)V+0 java.desktop@17
j  sun.java2d.d3d.D3DSurfaceData.<init>(Lsun/awt/windows/WComponentPeer;Lsun/java2d/d3d/D3DGraphicsConfig;IILjava/awt/Image;Ljava/awt/image/ColorModel;IILsun/java2d/pipe/hw/ExtendedBufferCapabilities$VSyncType;I)V+212 java.desktop@17
j  sun.java2d.d3d.D3DSurfaceData.createData(Lsun/awt/windows/WComponentPeer;Ljava/awt/Image;)Lsun/java2d/d3d/D3DSurfaceData;+117 java.desktop@17
j  sun.java2d.d3d.D3DVolatileSurfaceManager.initAcceleratedSurface()Lsun/java2d/SurfaceData;+68 java.desktop@17
j  sun.java2d.d3d.D3DVolatileSurfaceManager.restoreAcceleratedSurface()V+49 java.desktop@17
J 1045 c1 sun.awt.image.VolatileSurfaceManager.validate(Ljava/awt/GraphicsConfiguration;)I java.desktop@17 (213 bytes) @ 0x0000022c96f1b94c [0x0000022c96f1b400+0x000000000000054c]
J 1010 c1 java.awt.Component$FlipBufferStrategy.revalidate()V java.desktop@17 (145 bytes) @ 0x0000022c96ef7e54 [0x0000022c96ef7940+0x0000000000000514]
J 957 c1 com.gcstudios.main.Game.render()V (142 bytes) @ 0x0000022c96eda7c4 [0x0000022c96ed9ca0+0x0000000000000b24]
J 794% c2 com.gcstudios.main.Game.run()V (140 bytes) @ 0x0000022c9e2e86c4 [0x0000022c9e2e8600+0x00000000000000c4]
j  java.lang.Thread.run()V+11 java.base@17
v  ~StubRoutines::call_stub

siginfo: EXCEPTION_ACCESS_VIOLATION (0xc0000005), reading address 0x00007ff8274f9180


Register to memory mapping:

RIP=0x00007ff835862c62 ntdll.dll
RAX=0x0000000000003060 is an unknown value
RBX=0x000000000000d65c is an unknown value
RCX=0x000000000000c18c is an unknown value
RDX=0x0000000000001021 is an unknown value
RSP=0x000000c658ace020 is pointing into the stack for thread: 0x0000022cb3a23ba0
RBP=0x000000c658ace5b0 is pointing into the stack for thread: 0x0000022cb3a23ba0
RSI=0x0 is NULL
RDI=0x00007ff8274ed000 is an unknown value
R8 =0x00007ff827330000 is an unknown value
R9 =0x000000000000000e is an unknown value
R10=0x00007ff8359af510 ntdll.dll
R11=0x0000000000000011 is an unknown value
R12=0x0 is NULL
R13=0x00007ff8359a18f0 ntdll.dll
R14=0x000000c658ace650 is pointing into the stack for thread: 0x0000022cb3a23ba0
R15=0x000000c658ace5c8 is pointing into the stack for thread: 0x0000022cb3a23ba0


Registers:
RAX=0x0000000000003060, RBX=0x000000000000d65c, RCX=0x000000000000c18c, RDX=0x0000000000001021
RSP=0x000000c658ace020, RBP=0x000000c658ace5b0, RSI=0x0000000000000000, RDI=0x00007ff8274ed000
R8 =0x00007ff827330000, R9 =0x000000000000000e, R10=0x00007ff8359af510, R11=0x0000000000000011
R12=0x0000000000000000, R13=0x00007ff8359a18f0, R14=0x000000c658ace650, R15=0x000000c658ace5c8
RIP=0x00007ff835862c62, EFLAGS=0x0000000000010206

Top of Stack: (sp=0x000000c658ace020)
0x000000c658ace020:   0000000000000000 000000c600000000
0x000000c658ace030:   000000c658ace040 000000c658ace048
0x000000c658ace040:   00007ff8274ed000 00007ff827330000
0x000000c658ace050:   0000c18c001cf000 0000000000000000
0x000000c658ace060:   00007ff82733d65c 00007ff83588136c
0x000000c658ace070:   000000c658acec70 0000000000000000
0x000000c658ace080:   0000000000000000 000000c658ace0b0
0x000000c658ace090:   000000c658ace0b0 000000c658ace5d0
0x000000c658ace0a0:   000000c658ace5c0 0000000000000000
0x000000c658ace0b0:   0000000711837360 000000000000000f
0x000000c658ace0c0:   00000008b25a1c18 0000022cb2a7af78
0x000000c658ace0d0:   00000008000334d8 0000022cb3a23ba0
0x000000c658ace0e0:   00001fa20010000f 0000022c96820033
0x000000c658ace0f0:   00010213002b0010 00000000b296f8c0
0x000000c658ace100:   00000000b2aea9f0 00000000b2a7af40
0x000000c658ace110:   000000000000027f 0000000000000000 

Instructions: (pc=0x00007ff835862c62)
0x00007ff835862b62:   41 83 f8 e7 73 09 48 83 c1 18 48 3b cb 72 c3 b8
0x00007ff835862b72:   7b 00 00 c0 89 44 24 20 4c 8b 54 24 28 eb 15 b8
0x00007ff835862b82:   7b 00 00 c0 eb cc b8 7b 00 00 c0 89 44 24 20 4c
0x00007ff835862b92:   8b 54 24 28 eb 13 b8 7b 00 00 c0 89 44 24 20 4c
0x00007ff835862ba2:   8b 4c 24 68 4c 8b 54 24 28 85 c0 78 03 4d 89 11
0x00007ff835862bb2:   48 83 c4 40 5b c3 cc b1 01 48 83 fb 40 0f 83 5b
0x00007ff835862bc2:   ff ff ff b8 7b 00 00 c0 eb e6 cc cc cc cc cc cc
0x00007ff835862bd2:   cc cc cc cc cc cc cc cc cc cc cc cc cc cc 48 89
0x00007ff835862be2:   5c 24 18 4c 89 74 24 20 41 57 48 83 ec 40 4d 8b
0x00007ff835862bf2:   f0 4c 8b fa 48 8b d9 4d 85 c0 0f 85 3c 01 00 00
0x00007ff835862c02:   48 8b 0d 0f c9 14 00 48 89 74 24 50 48 89 7c 24
0x00007ff835862c12:   58 48 3b d9 0f 83 ec 00 00 00 48 8d 54 24 20 48
0x00007ff835862c22:   8b cb e8 17 03 00 00 48 8b f8 48 85 ff 0f 84 da
0x00007ff835862c32:   02 00 00 8b 4c 24 34 48 b8 ab aa aa aa aa aa aa
0x00007ff835862c42:   aa 4c 8b 44 24 28 33 f6 48 f7 e1 4d 89 07 48 c1
0x00007ff835862c52:   ea 03 85 d2 74 73 8d 42 ff 49 2b d8 48 8d 04 40
0x00007ff835862c62:   44 8b 1c 87 4c 8d 14 87 49 3b db 73 48 44 8d 42
0x00007ff835862c72:   fe 44 8b ce 45 85 c0 78 3c 0f 1f 44 00 00 43 8d
0x00007ff835862c82:   04 08 d1 f8 48 63 c8 48 8d 14 49 4c 8d 14 97 8b
0x00007ff835862c92:   14 97 48 3b da 72 12 41 8b 4a 0c 44 8b da 48 3b
0x00007ff835862ca2:   d9 72 12 44 8d 48 01 eb 04 44 8d 40 ff 44 8b da
0x00007ff835862cb2:   45 3b c1 7d c9 41 8b c3 48 3b d8 72 0c 41 8b 42
0x00007ff835862cc2:   04 48 3b d8 73 03 49 8b f2 48 8b 7c 24 58 48 85
0x00007ff835862cd2:   f6 74 19 4d 85 f6 0f 85 ea 00 00 00 48 85 f6 74
0x00007ff835862ce2:   0b 8b 46 08 a8 01 0f 85 34 02 00 00 48 8b c6 48
0x00007ff835862cf2:   8b 74 24 50 48 8b 5c 24 60 4c 8b 74 24 68 48 83
0x00007ff835862d02:   c4 40 41 5f c3 cc 8b 05 12 c8 14 00 48 03 c1 48
0x00007ff835862d12:   3b d8 0f 83 02 ff ff ff 0f 28 0d ef c7 14 00 f2
0x00007ff835862d22:   0f 10 05 f7 c7 14 00 66 48 0f 7e cf 0f 11 4c 24
0x00007ff835862d32:   20 f2 0f 11 44 24 30 e9 ee fe ff ff 41 80 78 07
0x00007ff835862d42:   00 4c 8d 1d d6 c6 14 00 0f 85 6b 01 00 00 41 80
0x00007ff835862d52:   78 06 00 0f 84 a7 fe ff ff 48 3b 1d c6 c6 14 00 


Stack slot to memory mapping:
stack at sp + 0 slots: 0x0 is NULL
stack at sp + 1 slots: 0x000000c600000000 is an unknown value
stack at sp + 2 slots: 0x000000c658ace040 is pointing into the stack for thread: 0x0000022cb3a23ba0
stack at sp + 3 slots: 0x000000c658ace048 is pointing into the stack for thread: 0x0000022cb3a23ba0
stack at sp + 4 slots: 0x00007ff8274ed000 is an unknown value
stack at sp + 5 slots: 0x00007ff827330000 is an unknown value
stack at sp + 6 slots: 0x0000c18c001cf000 is an unknown value
stack at sp + 7 slots: 0x0 is NULL


---------------  P R O C E S S  ---------------

Threads class SMR info:
_java_thread_list=0x0000022cb3b30150, length=17, elements={
0x0000022cb20aa4f0, 0x0000022cb20ada20, 0x0000022cb20c5750, 0x0000022cb20c6010,
0x0000022cb20c7070, 0x0000022cb20c80d0, 0x0000022cb20d2a00, 0x0000022cb20d3b50,
0x0000022cb20e6c20, 0x0000022cb2d05e70, 0x0000022cb2d0ce10, 0x0000022cb2f00200,
0x0000022cb2f012f0, 0x0000022cb3943450, 0x0000022cb3a23ba0, 0x0000022c8efcb550,
0x0000022cb36e4f90
}

Java Threads: ( => current thread )
  0x0000022cb20aa4f0 JavaThread "Reference Handler" daemon [_thread_blocked, id=7120, stack(0x000000c657600000,0x000000c657700000)]
  0x0000022cb20ada20 JavaThread "Finalizer" daemon [_thread_blocked, id=10456, stack(0x000000c657700000,0x000000c657800000)]
  0x0000022cb20c5750 JavaThread "Signal Dispatcher" daemon [_thread_blocked, id=5244, stack(0x000000c657800000,0x000000c657900000)]
  0x0000022cb20c6010 JavaThread "Attach Listener" daemon [_thread_blocked, id=10800, stack(0x000000c657900000,0x000000c657a00000)]
  0x0000022cb20c7070 JavaThread "Service Thread" daemon [_thread_blocked, id=3396, stack(0x000000c657a00000,0x000000c657b00000)]
  0x0000022cb20c80d0 JavaThread "Monitor Deflation Thread" daemon [_thread_blocked, id=3836, stack(0x000000c657b00000,0x000000c657c00000)]
  0x0000022cb20d2a00 JavaThread "C2 CompilerThread0" daemon [_thread_blocked, id=3440, stack(0x000000c657c00000,0x000000c657d00000)]
  0x0000022cb20d3b50 JavaThread "C1 CompilerThread0" daemon [_thread_blocked, id=5108, stack(0x000000c657d00000,0x000000c657e00000)]
  0x0000022cb20e6c20 JavaThread "Sweeper thread" daemon [_thread_blocked, id=5620, stack(0x000000c657e00000,0x000000c657f00000)]
  0x0000022cb2d05e70 JavaThread "Notification Thread" daemon [_thread_blocked, id=10832, stack(0x000000c657f00000,0x000000c658000000)]
  0x0000022cb2d0ce10 JavaThread "Common-Cleaner" daemon [_thread_blocked, id=16240, stack(0x000000c658100000,0x000000c658200000)]
  0x0000022cb2f00200 JavaThread "Java2D Disposer" daemon [_thread_blocked, id=10312, stack(0x000000c658200000,0x000000c658300000)]
  0x0000022cb2f012f0 JavaThread "AWT-Shutdown" [_thread_blocked, id=3220, stack(0x000000c658300000,0x000000c658400000)]
  0x0000022cb3943450 JavaThread "AWT-EventQueue-0" [_thread_blocked, id=7368, stack(0x000000c6587c0000,0x000000c6588c0000)]
=>0x0000022cb3a23ba0 JavaThread "Thread-0" [_thread_in_native, id=8800, stack(0x000000c6589d0000,0x000000c658ad0000)]
  0x0000022c8efcb550 JavaThread "DestroyJavaVM" [_thread_blocked, id=6880, stack(0x000000c656f00000,0x000000c657000000)]
  0x0000022cb36e4f90 JavaThread "ToolkitShutdown" daemon [_thread_in_native, id=11148, stack(0x000000c658d90000,0x000000c658e90000)]

Other Threads:
  0x0000022cb20a3e30 VMThread "VM Thread" [stack: 0x000000c657500000,0x000000c657600000] [id=8784]
  0x0000022cb2d08b70 WatcherThread [stack: 0x000000c658000000,0x000000c658100000] [id=6300]
  0x0000022c8f01ad40 GCTaskThread "GC Thread#0" [stack: 0x000000c657000000,0x000000c657100000] [id=9256]
  0x0000022c8f02d180 ConcurrentGCThread "G1 Main Marker" [stack: 0x000000c657100000,0x000000c657200000] [id=9548]
  0x0000022c8f02eab0 ConcurrentGCThread "G1 Conc#0" [stack: 0x000000c657200000,0x000000c657300000] [id=2196]
  0x0000022c8f0adc90 ConcurrentGCThread "G1 Refine#0" [stack: 0x000000c657300000,0x000000c657400000] [id=11968]
  0x0000022c8f0ae5c0 ConcurrentGCThread "G1 Service" [stack: 0x000000c657400000,0x000000c657500000] [id=8804]

Threads with active compile tasks:

VM state: not at safepoint (normal execution)

VM Mutex/Monitor currently owned by a thread: None

Heap address: 0x0000000701c00000, size: 4068 MB, Compressed Oops mode: Zero based, Oop shift amount: 3

CDS archive(s) mapped at: [0x0000000800000000-0x0000000800bc0000-0x0000000800bc0000), size 12320768, SharedBaseAddress: 0x0000000800000000, ArchiveRelocationMode: 0.
Compressed class space mapped at: 0x0000000800c00000-0x0000000840c00000, reserved size: 1073741824
Narrow klass base: 0x0000000800000000, Narrow klass shift: 0, Narrow klass range: 0x100000000

GC Precious Log:
 CPUs: 12 total, 12 available
 Memory: 16266M
 Large Page Support: Disabled
 NUMA Support: Disabled
 Compressed Oops: Enabled (Zero based)
 Heap Region Size: 2M
 Heap Min Capacity: 8M
 Heap Initial Capacity: 256M
 Heap Max Capacity: 4068M
 Pre-touch: Disabled
 Parallel Workers: 10
 Concurrent Workers: 3
 Concurrent Refinement Workers: 10
 Periodic GC: Disabled

Heap:
 garbage-first heap   total 262144K, used 8192K [0x0000000701c00000, 0x0000000800000000)
  region size 2048K, 5 young (10240K), 0 survivors (0K)
 Metaspace       used 8080K, committed 8320K, reserved 1056768K
  class space    used 849K, committed 960K, reserved 1048576K

Heap Regions: E=young(eden), S=young(survivor), O=old, HS=humongous(starts), HC=humongous(continues), CS=collection set, F=free, OA=open archive, CA=closed archive, TAMS=top-at-mark-start (previous, next)
|   0|0x0000000701c00000, 0x0000000701c00000, 0x0000000701e00000|  0%| F|  |TAMS 0x0000000701c00000, 0x0000000701c00000| Untracked 
|   1|0x0000000701e00000, 0x0000000701e00000, 0x0000000702000000|  0%| F|  |TAMS 0x0000000701e00000, 0x0000000701e00000| Untracked 
|   2|0x0000000702000000, 0x0000000702000000, 0x0000000702200000|  0%| F|  |TAMS 0x0000000702000000, 0x0000000702000000| Untracked 
|   3|0x0000000702200000, 0x0000000702200000, 0x0000000702400000|  0%| F|  |TAMS 0x0000000702200000, 0x0000000702200000| Untracked 
|   4|0x0000000702400000, 0x0000000702400000, 0x0000000702600000|  0%| F|  |TAMS 0x0000000702400000, 0x0000000702400000| Untracked 
|   5|0x0000000702600000, 0x0000000702600000, 0x0000000702800000|  0%| F|  |TAMS 0x0000000702600000, 0x0000000702600000| Untracked 
|   6|0x0000000702800000, 0x0000000702800000, 0x0000000702a00000|  0%| F|  |TAMS 0x0000000702800000, 0x0000000702800000| Untracked 
|   7|0x0000000702a00000, 0x0000000702a00000, 0x0000000702c00000|  0%| F|  |TAMS 0x0000000702a00000, 0x0000000702a00000| Untracked 
|   8|0x0000000702c00000, 0x0000000702c00000, 0x0000000702e00000|  0%| F|  |TAMS 0x0000000702c00000, 0x0000000702c00000| Untracked 
|   9|0x0000000702e00000, 0x0000000702e00000, 0x0000000703000000|  0%| F|  |TAMS 0x0000000702e00000, 0x0000000702e00000| Untracked 
|  10|0x0000000703000000, 0x0000000703000000, 0x0000000703200000|  0%| F|  |TAMS 0x0000000703000000, 0x0000000703000000| Untracked 
|  11|0x0000000703200000, 0x0000000703200000, 0x0000000703400000|  0%| F|  |TAMS 0x0000000703200000, 0x0000000703200000| Untracked 
|  12|0x0000000703400000, 0x0000000703400000, 0x0000000703600000|  0%| F|  |TAMS 0x0000000703400000, 0x0000000703400000| Untracked 
|  13|0x0000000703600000, 0x0000000703600000, 0x0000000703800000|  0%| F|  |TAMS 0x0000000703600000, 0x0000000703600000| Untracked 
|  14|0x0000000703800000, 0x0000000703800000, 0x0000000703a00000|  0%| F|  |TAMS 0x0000000703800000, 0x0000000703800000| Untracked 
|  15|0x0000000703a00000, 0x0000000703a00000, 0x0000000703c00000|  0%| F|  |TAMS 0x0000000703a00000, 0x0000000703a00000| Untracked 
|  16|0x0000000703c00000, 0x0000000703c00000, 0x0000000703e00000|  0%| F|  |TAMS 0x0000000703c00000, 0x0000000703c00000| Untracked 
|  17|0x0000000703e00000, 0x0000000703e00000, 0x0000000704000000|  0%| F|  |TAMS 0x0000000703e00000, 0x0000000703e00000| Untracked 
|  18|0x0000000704000000, 0x0000000704000000, 0x0000000704200000|  0%| F|  |TAMS 0x0000000704000000, 0x0000000704000000| Untracked 
|  19|0x0000000704200000, 0x0000000704200000, 0x0000000704400000|  0%| F|  |TAMS 0x0000000704200000, 0x0000000704200000| Untracked 
|  20|0x0000000704400000, 0x0000000704400000, 0x0000000704600000|  0%| F|  |TAMS 0x0000000704400000, 0x0000000704400000| Untracked 
|  21|0x0000000704600000, 0x0000000704600000, 0x0000000704800000|  0%| F|  |TAMS 0x0000000704600000, 0x0000000704600000| Untracked 
|  22|0x0000000704800000, 0x0000000704800000, 0x0000000704a00000|  0%| F|  |TAMS 0x0000000704800000, 0x0000000704800000| Untracked 
|  23|0x0000000704a00000, 0x0000000704a00000, 0x0000000704c00000|  0%| F|  |TAMS 0x0000000704a00000, 0x0000000704a00000| Untracked 
|  24|0x0000000704c00000, 0x0000000704c00000, 0x0000000704e00000|  0%| F|  |TAMS 0x0000000704c00000, 0x0000000704c00000| Untracked 
|  25|0x0000000704e00000, 0x0000000704e00000, 0x0000000705000000|  0%| F|  |TAMS 0x0000000704e00000, 0x0000000704e00000| Untracked 
|  26|0x0000000705000000, 0x0000000705000000, 0x0000000705200000|  0%| F|  |TAMS 0x0000000705000000, 0x0000000705000000| Untracked 
|  27|0x0000000705200000, 0x0000000705200000, 0x0000000705400000|  0%| F|  |TAMS 0x0000000705200000, 0x0000000705200000| Untracked 
|  28|0x0000000705400000, 0x0000000705400000, 0x0000000705600000|  0%| F|  |TAMS 0x0000000705400000, 0x0000000705400000| Untracked 
|  29|0x0000000705600000, 0x0000000705600000, 0x0000000705800000|  0%| F|  |TAMS 0x0000000705600000, 0x0000000705600000| Untracked 
|  30|0x0000000705800000, 0x0000000705800000, 0x0000000705a00000|  0%| F|  |TAMS 0x0000000705800000, 0x0000000705800000| Untracked 
|  31|0x0000000705a00000, 0x0000000705a00000, 0x0000000705c00000|  0%| F|  |TAMS 0x0000000705a00000, 0x0000000705a00000| Untracked 
|  32|0x0000000705c00000, 0x0000000705c00000, 0x0000000705e00000|  0%| F|  |TAMS 0x0000000705c00000, 0x0000000705c00000| Untracked 
|  33|0x0000000705e00000, 0x0000000705e00000, 0x0000000706000000|  0%| F|  |TAMS 0x0000000705e00000, 0x0000000705e00000| Untracked 
|  34|0x0000000706000000, 0x0000000706000000, 0x0000000706200000|  0%| F|  |TAMS 0x0000000706000000, 0x0000000706000000| Untracked 
|  35|0x0000000706200000, 0x0000000706200000, 0x0000000706400000|  0%| F|  |TAMS 0x0000000706200000, 0x0000000706200000| Untracked 
|  36|0x0000000706400000, 0x0000000706400000, 0x0000000706600000|  0%| F|  |TAMS 0x0000000706400000, 0x0000000706400000| Untracked 
|  37|0x0000000706600000, 0x0000000706600000, 0x0000000706800000|  0%| F|  |TAMS 0x0000000706600000, 0x0000000706600000| Untracked 
|  38|0x0000000706800000, 0x0000000706800000, 0x0000000706a00000|  0%| F|  |TAMS 0x0000000706800000, 0x0000000706800000| Untracked 
|  39|0x0000000706a00000, 0x0000000706a00000, 0x0000000706c00000|  0%| F|  |TAMS 0x0000000706a00000, 0x0000000706a00000| Untracked 
|  40|0x0000000706c00000, 0x0000000706c00000, 0x0000000706e00000|  0%| F|  |TAMS 0x0000000706c00000, 0x0000000706c00000| Untracked 
|  41|0x0000000706e00000, 0x0000000706e00000, 0x0000000707000000|  0%| F|  |TAMS 0x0000000706e00000, 0x0000000706e00000| Untracked 
|  42|0x0000000707000000, 0x0000000707000000, 0x0000000707200000|  0%| F|  |TAMS 0x0000000707000000, 0x0000000707000000| Untracked 
|  43|0x0000000707200000, 0x0000000707200000, 0x0000000707400000|  0%| F|  |TAMS 0x0000000707200000, 0x0000000707200000| Untracked 
|  44|0x0000000707400000, 0x0000000707400000, 0x0000000707600000|  0%| F|  |TAMS 0x0000000707400000, 0x0000000707400000| Untracked 
|  45|0x0000000707600000, 0x0000000707600000, 0x0000000707800000|  0%| F|  |TAMS 0x0000000707600000, 0x0000000707600000| Untracked 
|  46|0x0000000707800000, 0x0000000707800000, 0x0000000707a00000|  0%| F|  |TAMS 0x0000000707800000, 0x0000000707800000| Untracked 
|  47|0x0000000707a00000, 0x0000000707a00000, 0x0000000707c00000|  0%| F|  |TAMS 0x0000000707a00000, 0x0000000707a00000| Untracked 
|  48|0x0000000707c00000, 0x0000000707c00000, 0x0000000707e00000|  0%| F|  |TAMS 0x0000000707c00000, 0x0000000707c00000| Untracked 
|  49|0x0000000707e00000, 0x0000000707e00000, 0x0000000708000000|  0%| F|  |TAMS 0x0000000707e00000, 0x0000000707e00000| Untracked 
|  50|0x0000000708000000, 0x0000000708000000, 0x0000000708200000|  0%| F|  |TAMS 0x0000000708000000, 0x0000000708000000| Untracked 
|  51|0x0000000708200000, 0x0000000708200000, 0x0000000708400000|  0%| F|  |TAMS 0x0000000708200000, 0x0000000708200000| Untracked 
|  52|0x0000000708400000, 0x0000000708400000, 0x0000000708600000|  0%| F|  |TAMS 0x0000000708400000, 0x0000000708400000| Untracked 
|  53|0x0000000708600000, 0x0000000708600000, 0x0000000708800000|  0%| F|  |TAMS 0x0000000708600000, 0x0000000708600000| Untracked 
|  54|0x0000000708800000, 0x0000000708800000, 0x0000000708a00000|  0%| F|  |TAMS 0x0000000708800000, 0x0000000708800000| Untracked 
|  55|0x0000000708a00000, 0x0000000708a00000, 0x0000000708c00000|  0%| F|  |TAMS 0x0000000708a00000, 0x0000000708a00000| Untracked 
|  56|0x0000000708c00000, 0x0000000708c00000, 0x0000000708e00000|  0%| F|  |TAMS 0x0000000708c00000, 0x0000000708c00000| Untracked 
|  57|0x0000000708e00000, 0x0000000708e00000, 0x0000000709000000|  0%| F|  |TAMS 0x0000000708e00000, 0x0000000708e00000| Untracked 
|  58|0x0000000709000000, 0x0000000709000000, 0x0000000709200000|  0%| F|  |TAMS 0x0000000709000000, 0x0000000709000000| Untracked 
|  59|0x0000000709200000, 0x0000000709200000, 0x0000000709400000|  0%| F|  |TAMS 0x0000000709200000, 0x0000000709200000| Untracked 
|  60|0x0000000709400000, 0x0000000709400000, 0x0000000709600000|  0%| F|  |TAMS 0x0000000709400000, 0x0000000709400000| Untracked 
|  61|0x0000000709600000, 0x0000000709600000, 0x0000000709800000|  0%| F|  |TAMS 0x0000000709600000, 0x0000000709600000| Untracked 
|  62|0x0000000709800000, 0x0000000709800000, 0x0000000709a00000|  0%| F|  |TAMS 0x0000000709800000, 0x0000000709800000| Untracked 
|  63|0x0000000709a00000, 0x0000000709a00000, 0x0000000709c00000|  0%| F|  |TAMS 0x0000000709a00000, 0x0000000709a00000| Untracked 
|  64|0x0000000709c00000, 0x0000000709c00000, 0x0000000709e00000|  0%| F|  |TAMS 0x0000000709c00000, 0x0000000709c00000| Untracked 
|  65|0x0000000709e00000, 0x0000000709e00000, 0x000000070a000000|  0%| F|  |TAMS 0x0000000709e00000, 0x0000000709e00000| Untracked 
|  66|0x000000070a000000, 0x000000070a000000, 0x000000070a200000|  0%| F|  |TAMS 0x000000070a000000, 0x000000070a000000| Untracked 
|  67|0x000000070a200000, 0x000000070a200000, 0x000000070a400000|  0%| F|  |TAMS 0x000000070a200000, 0x000000070a200000| Untracked 
|  68|0x000000070a400000, 0x000000070a400000, 0x000000070a600000|  0%| F|  |TAMS 0x000000070a400000, 0x000000070a400000| Untracked 
|  69|0x000000070a600000, 0x000000070a600000, 0x000000070a800000|  0%| F|  |TAMS 0x000000070a600000, 0x000000070a600000| Untracked 
|  70|0x000000070a800000, 0x000000070a800000, 0x000000070aa00000|  0%| F|  |TAMS 0x000000070a800000, 0x000000070a800000| Untracked 
|  71|0x000000070aa00000, 0x000000070aa00000, 0x000000070ac00000|  0%| F|  |TAMS 0x000000070aa00000, 0x000000070aa00000| Untracked 
|  72|0x000000070ac00000, 0x000000070ac00000, 0x000000070ae00000|  0%| F|  |TAMS 0x000000070ac00000, 0x000000070ac00000| Untracked 
|  73|0x000000070ae00000, 0x000000070ae00000, 0x000000070b000000|  0%| F|  |TAMS 0x000000070ae00000, 0x000000070ae00000| Untracked 
|  74|0x000000070b000000, 0x000000070b000000, 0x000000070b200000|  0%| F|  |TAMS 0x000000070b000000, 0x000000070b000000| Untracked 
|  75|0x000000070b200000, 0x000000070b200000, 0x000000070b400000|  0%| F|  |TAMS 0x000000070b200000, 0x000000070b200000| Untracked 
|  76|0x000000070b400000, 0x000000070b400000, 0x000000070b600000|  0%| F|  |TAMS 0x000000070b400000, 0x000000070b400000| Untracked 
|  77|0x000000070b600000, 0x000000070b600000, 0x000000070b800000|  0%| F|  |TAMS 0x000000070b600000, 0x000000070b600000| Untracked 
|  78|0x000000070b800000, 0x000000070b800000, 0x000000070ba00000|  0%| F|  |TAMS 0x000000070b800000, 0x000000070b800000| Untracked 
|  79|0x000000070ba00000, 0x000000070ba00000, 0x000000070bc00000|  0%| F|  |TAMS 0x000000070ba00000, 0x000000070ba00000| Untracked 
|  80|0x000000070bc00000, 0x000000070bc00000, 0x000000070be00000|  0%| F|  |TAMS 0x000000070bc00000, 0x000000070bc00000| Untracked 
|  81|0x000000070be00000, 0x000000070be00000, 0x000000070c000000|  0%| F|  |TAMS 0x000000070be00000, 0x000000070be00000| Untracked 
|  82|0x000000070c000000, 0x000000070c000000, 0x000000070c200000|  0%| F|  |TAMS 0x000000070c000000, 0x000000070c000000| Untracked 
|  83|0x000000070c200000, 0x000000070c200000, 0x000000070c400000|  0%| F|  |TAMS 0x000000070c200000, 0x000000070c200000| Untracked 
|  84|0x000000070c400000, 0x000000070c400000, 0x000000070c600000|  0%| F|  |TAMS 0x000000070c400000, 0x000000070c400000| Untracked 
|  85|0x000000070c600000, 0x000000070c600000, 0x000000070c800000|  0%| F|  |TAMS 0x000000070c600000, 0x000000070c600000| Untracked 
|  86|0x000000070c800000, 0x000000070c800000, 0x000000070ca00000|  0%| F|  |TAMS 0x000000070c800000, 0x000000070c800000| Untracked 
|  87|0x000000070ca00000, 0x000000070ca00000, 0x000000070cc00000|  0%| F|  |TAMS 0x000000070ca00000, 0x000000070ca00000| Untracked 
|  88|0x000000070cc00000, 0x000000070cc00000, 0x000000070ce00000|  0%| F|  |TAMS 0x000000070cc00000, 0x000000070cc00000| Untracked 
|  89|0x000000070ce00000, 0x000000070ce00000, 0x000000070d000000|  0%| F|  |TAMS 0x000000070ce00000, 0x000000070ce00000| Untracked 
|  90|0x000000070d000000, 0x000000070d000000, 0x000000070d200000|  0%| F|  |TAMS 0x000000070d000000, 0x000000070d000000| Untracked 
|  91|0x000000070d200000, 0x000000070d200000, 0x000000070d400000|  0%| F|  |TAMS 0x000000070d200000, 0x000000070d200000| Untracked 
|  92|0x000000070d400000, 0x000000070d400000, 0x000000070d600000|  0%| F|  |TAMS 0x000000070d400000, 0x000000070d400000| Untracked 
|  93|0x000000070d600000, 0x000000070d600000, 0x000000070d800000|  0%| F|  |TAMS 0x000000070d600000, 0x000000070d600000| Untracked 
|  94|0x000000070d800000, 0x000000070d800000, 0x000000070da00000|  0%| F|  |TAMS 0x000000070d800000, 0x000000070d800000| Untracked 
|  95|0x000000070da00000, 0x000000070da00000, 0x000000070dc00000|  0%| F|  |TAMS 0x000000070da00000, 0x000000070da00000| Untracked 
|  96|0x000000070dc00000, 0x000000070dc00000, 0x000000070de00000|  0%| F|  |TAMS 0x000000070dc00000, 0x000000070dc00000| Untracked 
|  97|0x000000070de00000, 0x000000070de00000, 0x000000070e000000|  0%| F|  |TAMS 0x000000070de00000, 0x000000070de00000| Untracked 
|  98|0x000000070e000000, 0x000000070e000000, 0x000000070e200000|  0%| F|  |TAMS 0x000000070e000000, 0x000000070e000000| Untracked 
|  99|0x000000070e200000, 0x000000070e200000, 0x000000070e400000|  0%| F|  |TAMS 0x000000070e200000, 0x000000070e200000| Untracked 
| 100|0x000000070e400000, 0x000000070e400000, 0x000000070e600000|  0%| F|  |TAMS 0x000000070e400000, 0x000000070e400000| Untracked 
| 101|0x000000070e600000, 0x000000070e600000, 0x000000070e800000|  0%| F|  |TAMS 0x000000070e600000, 0x000000070e600000| Untracked 
| 102|0x000000070e800000, 0x000000070e800000, 0x000000070ea00000|  0%| F|  |TAMS 0x000000070e800000, 0x000000070e800000| Untracked 
| 103|0x000000070ea00000, 0x000000070ea00000, 0x000000070ec00000|  0%| F|  |TAMS 0x000000070ea00000, 0x000000070ea00000| Untracked 
| 104|0x000000070ec00000, 0x000000070ec00000, 0x000000070ee00000|  0%| F|  |TAMS 0x000000070ec00000, 0x000000070ec00000| Untracked 
| 105|0x000000070ee00000, 0x000000070ee00000, 0x000000070f000000|  0%| F|  |TAMS 0x000000070ee00000, 0x000000070ee00000| Untracked 
| 106|0x000000070f000000, 0x000000070f000000, 0x000000070f200000|  0%| F|  |TAMS 0x000000070f000000, 0x000000070f000000| Untracked 
| 107|0x000000070f200000, 0x000000070f200000, 0x000000070f400000|  0%| F|  |TAMS 0x000000070f200000, 0x000000070f200000| Untracked 
| 108|0x000000070f400000, 0x000000070f400000, 0x000000070f600000|  0%| F|  |TAMS 0x000000070f400000, 0x000000070f400000| Untracked 
| 109|0x000000070f600000, 0x000000070f600000, 0x000000070f800000|  0%| F|  |TAMS 0x000000070f600000, 0x000000070f600000| Untracked 
| 110|0x000000070f800000, 0x000000070f800000, 0x000000070fa00000|  0%| F|  |TAMS 0x000000070f800000, 0x000000070f800000| Untracked 
| 111|0x000000070fa00000, 0x000000070fa00000, 0x000000070fc00000|  0%| F|  |TAMS 0x000000070fa00000, 0x000000070fa00000| Untracked 
| 112|0x000000070fc00000, 0x000000070fc00000, 0x000000070fe00000|  0%| F|  |TAMS 0x000000070fc00000, 0x000000070fc00000| Untracked 
| 113|0x000000070fe00000, 0x000000070fe00000, 0x0000000710000000|  0%| F|  |TAMS 0x000000070fe00000, 0x000000070fe00000| Untracked 
| 114|0x0000000710000000, 0x0000000710000000, 0x0000000710200000|  0%| F|  |TAMS 0x0000000710000000, 0x0000000710000000| Untracked 
| 115|0x0000000710200000, 0x0000000710200000, 0x0000000710400000|  0%| F|  |TAMS 0x0000000710200000, 0x0000000710200000| Untracked 
| 116|0x0000000710400000, 0x0000000710400000, 0x0000000710600000|  0%| F|  |TAMS 0x0000000710400000, 0x0000000710400000| Untracked 
| 117|0x0000000710600000, 0x0000000710600000, 0x0000000710800000|  0%| F|  |TAMS 0x0000000710600000, 0x0000000710600000| Untracked 
| 118|0x0000000710800000, 0x0000000710800000, 0x0000000710a00000|  0%| F|  |TAMS 0x0000000710800000, 0x0000000710800000| Untracked 
| 119|0x0000000710a00000, 0x0000000710a00000, 0x0000000710c00000|  0%| F|  |TAMS 0x0000000710a00000, 0x0000000710a00000| Untracked 
| 120|0x0000000710c00000, 0x0000000710c00000, 0x0000000710e00000|  0%| F|  |TAMS 0x0000000710c00000, 0x0000000710c00000| Untracked 
| 121|0x0000000710e00000, 0x0000000710e00000, 0x0000000711000000|  0%| F|  |TAMS 0x0000000710e00000, 0x0000000710e00000| Untracked 
| 122|0x0000000711000000, 0x0000000711000000, 0x0000000711200000|  0%| F|  |TAMS 0x0000000711000000, 0x0000000711000000| Untracked 
| 123|0x0000000711200000, 0x00000007113c31f8, 0x0000000711400000| 88%| E|  |TAMS 0x0000000711200000, 0x0000000711200000| Complete 
| 124|0x0000000711400000, 0x0000000711600000, 0x0000000711600000|100%| E|CS|TAMS 0x0000000711400000, 0x0000000711400000| Complete 
| 125|0x0000000711600000, 0x0000000711800000, 0x0000000711800000|100%| E|CS|TAMS 0x0000000711600000, 0x0000000711600000| Complete 
| 126|0x0000000711800000, 0x0000000711a00000, 0x0000000711a00000|100%| E|CS|TAMS 0x0000000711800000, 0x0000000711800000| Complete 
| 127|0x0000000711a00000, 0x0000000711c00000, 0x0000000711c00000|100%| E|CS|TAMS 0x0000000711a00000, 0x0000000711a00000| Complete 

Card table byte_map: [0x0000022ca6530000,0x0000022ca6d30000] _byte_map_base: 0x0000022ca2d22000

Marking Bits (Prev, Next): (CMBitMap*) 0x0000022c8f01c270, (CMBitMap*) 0x0000022c8f01c2b0
 Prev Bits: [0x0000022ca7530000, 0x0000022cab4c0000)
 Next Bits: [0x0000022cab4c0000, 0x0000022caf450000)

Polling page: 0x0000022c8cf70000

Metaspace:

Usage:
  Non-class:      7.06 MB used.
      Class:    849.73 KB used.
       Both:      7.89 MB used.

Virtual space:
  Non-class space:        8.00 MB reserved,       7.19 MB ( 90%) committed,  1 nodes.
      Class space:        1.00 GB reserved,     960.00 KB ( <1%) committed,  1 nodes.
             Both:        1.01 GB reserved,       8.12 MB ( <1%) committed. 

Chunk freelists:
   Non-Class:  488.00 KB
       Class:  3.10 MB
        Both:  3.58 MB

MaxMetaspaceSize: unlimited
CompressedClassSpaceSize: 1.00 GB
Initial GC threshold: 21.00 MB
Current GC threshold: 21.00 MB
CDS: on
MetaspaceReclaimPolicy: balanced
 - commit_granule_bytes: 65536.
 - commit_granule_words: 8192.
 - virtual_space_node_default_size: 1048576.
 - enlarge_chunks_in_place: 1.
 - new_chunks_are_fully_committed: 0.
 - uncommit_free_chunks: 1.
 - use_allocation_guard: 0.
 - handle_deallocations: 1.


Internal statistics:

num_allocs_failed_limit: 0.
num_arena_births: 116.
num_arena_deaths: 0.
num_vsnodes_births: 2.
num_vsnodes_deaths: 0.
num_space_committed: 130.
num_space_uncommitted: 0.
num_chunks_returned_to_freelist: 0.
num_chunks_taken_from_freelist: 168.
num_chunk_merges: 0.
num_chunk_splits: 93.
num_chunks_enlarged: 28.
num_purges: 0.
num_inconsistent_stats: 0.

CodeHeap 'non-profiled nmethods': size=120000Kb used=314Kb max_used=314Kb free=119685Kb
 bounds [0x0000022c9e2b0000, 0x0000022c9e520000, 0x0000022ca57e0000]
CodeHeap 'profiled nmethods': size=120000Kb used=2186Kb max_used=2186Kb free=117813Kb
 bounds [0x0000022c96d80000, 0x0000022c96ff0000, 0x0000022c9e2b0000]
CodeHeap 'non-nmethods': size=5760Kb used=1265Kb max_used=1281Kb free=4494Kb
 bounds [0x0000022c967e0000, 0x0000022c96a50000, 0x0000022c96d80000]
 total_blobs=1786 nmethods=1197 adapters=502
 compilation: enabled
              stopped_count=0, restarted_count=0
 full_count=0

Compilation events (20 events):
Event: 11.753 Thread 0x0000022cb20d3b50 1189       3       java.util.HashMap::afterNodeRemoval (1 bytes)
Event: 11.753 Thread 0x0000022cb20d3b50 nmethod 1189 0x0000022c96f9cd10 code [0x0000022c96f9cea0, 0x0000022c96f9cfb8]
Event: 11.765 Thread 0x0000022cb20d2a00 1190   !   4       sun.awt.AWTAutoShutdown::setToolkitBusy (124 bytes)
Event: 11.766 Thread 0x0000022cb20d2a00 nmethod 1190 0x0000022c9e2fc710 code [0x0000022c9e2fc8a0, 0x0000022c9e2fcdb8]
Event: 11.783 Thread 0x0000022cb20d3b50 1191       3       java.util.concurrent.locks.AbstractQueuedSynchronizer$Node::setStatusRelaxed (12 bytes)
Event: 11.783 Thread 0x0000022cb20d3b50 nmethod 1191 0x0000022c96f9d090 code [0x0000022c96f9d220, 0x0000022c96f9d338]
Event: 11.783 Thread 0x0000022cb20d3b50 1192       3       java.util.concurrent.ForkJoinPool::unmanagedBlock (31 bytes)
Event: 11.783 Thread 0x0000022cb20d3b50 nmethod 1192 0x0000022c96f9d410 code [0x0000022c96f9d620, 0x0000022c96f9de58]
Event: 11.789 Thread 0x0000022cb20d2a00 1193       4       java.util.concurrent.locks.ReentrantLock::unlock (10 bytes)
Event: 11.790 Thread 0x0000022cb20d2a00 nmethod 1193 0x0000022c9e2fd110 code [0x0000022c9e2fd2a0, 0x0000022c9e2fd4a8]
Event: 11.801 Thread 0x0000022cb20d3b50 1194       3       sun.awt.windows.WToolkit::showOrHideTouchKeyboard (199 bytes)
Event: 11.802 Thread 0x0000022cb20d3b50 nmethod 1194 0x0000022c96f9e090 code [0x0000022c96f9e4a0, 0x0000022c96fa0a38]
Event: 11.807 Thread 0x0000022cb20d3b50 1195       3       java.util.concurrent.ForkJoinPool::managedBlock (36 bytes)
Event: 11.807 Thread 0x0000022cb20d3b50 nmethod 1195 0x0000022c96fa1390 code [0x0000022c96fa15e0, 0x0000022c96fa2168]
Event: 11.955 Thread 0x0000022cb20d2a00 1196   !   4       sun.java2d.SunGraphics2D::fillRect (74 bytes)
Event: 11.957 Thread 0x0000022cb20d2a00 nmethod 1196 0x0000022c9e2fd690 code [0x0000022c9e2fd880, 0x0000022c9e2fdcf0]
Event: 12.052 Thread 0x0000022cb20d3b50 1197       3       java.awt.AWTKeyStroke::mapNewModifiers (63 bytes)
Event: 12.052 Thread 0x0000022cb20d2a00 1198       4       java.util.HashMap::getNode (150 bytes)
Event: 12.052 Thread 0x0000022cb20d3b50 nmethod 1197 0x0000022c96fa2490 code [0x0000022c96fa2620, 0x0000022c96fa2858]
Event: 12.054 Thread 0x0000022cb20d2a00 nmethod 1198 0x0000022c9e2fe290 code [0x0000022c9e2fe440, 0x0000022c9e2fe768]

GC Heap History (0 events):
No events

Deoptimization events (16 events):
Event: 0.321 Thread 0x0000022c8efcb550 DEOPT PACKING pc=0x0000022c96d99ae7 sp=0x000000c656ffe410
Event: 0.321 Thread 0x0000022c8efcb550 DEOPT UNPACKING pc=0x0000022c96832b43 sp=0x000000c656ffd830 mode 0
Event: 0.328 Thread 0x0000022cb3a23ba0 DEOPT PACKING pc=0x0000022c96e6deed sp=0x000000c658acf4f0
Event: 0.329 Thread 0x0000022cb3a23ba0 DEOPT UNPACKING pc=0x0000022c96832b43 sp=0x000000c658acea38 mode 0
Event: 0.338 Thread 0x0000022cb3a23ba0 Uncommon trap: trap_request=0xffffff45 fr.pc=0x0000022c9e2df4b8 relative=0x0000000000000178
Event: 0.338 Thread 0x0000022cb3a23ba0 Uncommon trap: reason=unstable_if action=reinterpret pc=0x0000022c9e2df4b8 method=com.gcstudios.main.Game.run()V @ 59 c2
Event: 0.338 Thread 0x0000022cb3a23ba0 DEOPT PACKING pc=0x0000022c9e2df4b8 sp=0x000000c658acf5d0
Event: 0.338 Thread 0x0000022cb3a23ba0 DEOPT UNPACKING pc=0x0000022c968323a3 sp=0x000000c658acf548 mode 2
Event: 0.343 Thread 0x0000022cb3a23ba0 DEOPT PACKING pc=0x0000022c96e70445 sp=0x000000c658acf4f0
Event: 0.343 Thread 0x0000022cb3a23ba0 DEOPT UNPACKING pc=0x0000022c96832b43 sp=0x000000c658acea38 mode 0
Event: 1.320 Thread 0x0000022cb3a23ba0 Uncommon trap: trap_request=0xffffff45 fr.pc=0x0000022c9e2df9f0 relative=0x0000000000000190
Event: 1.320 Thread 0x0000022cb3a23ba0 Uncommon trap: reason=unstable_if action=reinterpret pc=0x0000022c9e2df9f0 method=com.gcstudios.main.Game.run()V @ 90 c2
Event: 1.320 Thread 0x0000022cb3a23ba0 DEOPT PACKING pc=0x0000022c9e2df9f0 sp=0x000000c658acf5d0
Event: 1.320 Thread 0x0000022cb3a23ba0 DEOPT UNPACKING pc=0x0000022c968323a3 sp=0x000000c658acf548 mode 2
Event: 1.327 Thread 0x0000022cb3a23ba0 DEOPT PACKING pc=0x0000022c96e98efd sp=0x000000c658acf4f0
Event: 1.327 Thread 0x0000022cb3a23ba0 DEOPT UNPACKING pc=0x0000022c96832b43 sp=0x000000c658acea38 mode 0

Classes unloaded (0 events):
No events

Classes redefined (0 events):
No events

Internal exceptions (14 events):
Event: 0.036 Thread 0x0000022c8efcb550 Exception <a 'java/lang/ClassNotFoundException'{0x0000000711b9a858}: sun/awt/resources/spi/awtProvider> (0x0000000711b9a858) 
thrown [t:\workspace\open\src\hotspot\share\classfile\systemDictionary.cpp, line 256]
Event: 0.049 Thread 0x0000022c8efcb550 Exception <a 'java/io/FileNotFoundException'{0x0000000711bf3510}> (0x0000000711bf3510) 
thrown [t:\workspace\open\src\hotspot\share\prims\jni.cpp, line 516]
Event: 0.053 Thread 0x0000022c8efcb550 Exception <a 'java/io/FileNotFoundException'{0x0000000711820a98}> (0x0000000711820a98) 
thrown [t:\workspace\open\src\hotspot\share\prims\jni.cpp, line 516]
Event: 0.075 Thread 0x0000022c8efcb550 Exception <a 'java/lang/NoSuchMethodError'{0x000000071186c088}: 'java.lang.Object java.lang.invoke.DirectMethodHandle$Holder.invokeStaticInit(java.lang.Object)'> (0x000000071186c088) 
thrown [t:\workspace\open\src\hotspot\share\interpreter\linkResolver.cpp, line 766]
Event: 0.194 Thread 0x0000022c8efcb550 Exception <a 'java/lang/NoSuchMethodError'{0x00000007118b73f8}: 'void java.lang.invoke.DirectMethodHandle$Holder.invokeSpecial(java.lang.Object, java.lang.Object, java.lang.Object)'> (0x00000007118b73f8) 
thrown [t:\workspace\open\src\hotspot\share\interpreter\linkResolver.cpp, line 766]
Event: 0.199 Thread 0x0000022c8efcb550 Exception <a 'java/lang/NoSuchMethodError'{0x00000007118e1660}: 'java.lang.Object java.lang.invoke.DirectMethodHandle$Holder.newInvokeSpecial(java.lang.Object, java.lang.Object, java.lang.Object, java.lang.Object, java.lang.Object)'> (0x00000007118e1660) 
thrown [t:\workspace\open\src\hotspot\share\interpreter\linkResolver.cpp, line 766]
Event: 0.200 Thread 0x0000022c8efcb550 Exception <a 'java/lang/NoSuchMethodError'{0x000000071195dd28}: 'java.lang.Object java.lang.invoke.DirectMethodHandle$Holder.invokeStatic(java.lang.Object, int, java.lang.Object, java.lang.Object, java.lang.Object, java.lang.Object)'> (0x000000071195dd28) 
thrown [t:\workspace\open\src\hotspot\share\interpreter\linkResolver.cpp, line 766]
Event: 0.202 Thread 0x0000022c8efcb550 Exception <a 'java/lang/NoSuchMethodError'{0x0000000711983448}: 'java.lang.Object java.lang.invoke.DirectMethodHandle$Holder.invokeStatic(java.lang.Object, int, java.lang.Object)'> (0x0000000711983448) 
thrown [t:\workspace\open\src\hotspot\share\interpreter\linkResolver.cpp, line 766]
Event: 0.215 Thread 0x0000022c8efcb550 Exception <a 'java/lang/ClassNotFoundException'{0x000000071163b4e8}: com/sun/swing/internal/plaf/metal/resources/spi/metalProvider> (0x000000071163b4e8) 
thrown [t:\workspace\open\src\hotspot\share\classfile\systemDictionary.cpp, line 256]
Event: 0.215 Thread 0x0000022c8efcb550 Exception <a 'java/lang/ClassNotFoundException'{0x000000071163f320}: com/sun/swing/internal/plaf/basic/resources/spi/basicProvider> (0x000000071163f320) 
thrown [t:\workspace\open\src\hotspot\share\classfile\systemDictionary.cpp, line 256]
Event: 0.223 Thread 0x0000022cb2f01b10 Exception <a 'java/lang/NoSuchMethodError'{0x00000007118f1580}: 'void java.lang.invoke.DirectMethodHandle$Holder.invokeVirtual(java.lang.Object, java.lang.Object)'> (0x00000007118f1580) 
thrown [t:\workspace\open\src\hotspot\share\interpreter\linkResolver.cpp, line 766]
Event: 0.232 Thread 0x0000022c8efcb550 Exception <a 'java/lang/NoSuchMethodError'{0x00000007116e9fa0}: 'void java.lang.invoke.DirectMethodHandle$Holder.invokeStaticInit(java.lang.Object)'> (0x00000007116e9fa0) 
thrown [t:\workspace\open\src\hotspot\share\interpreter\linkResolver.cpp, line 766]
Event: 0.280 Thread 0x0000022c8efcb550 Exception <a 'java/lang/NoSuchMethodError'{0x00000007117c8500}: 'java.lang.Object java.lang.invoke.DirectMethodHandle$Holder.invokeStaticInit(java.lang.Object, int, int, int, int)'> (0x00000007117c8500) 
thrown [t:\workspace\open\src\hotspot\share\interpreter\linkResolver.cpp, line 766]
Event: 0.306 Thread 0x0000022c8efcb550 Exception <a 'java/lang/NoSuchMethodError'{0x000000071141f8e8}: 'java.lang.Object java.lang.invoke.DirectMethodHandle$Holder.invokeStaticInit(java.lang.Object, java.lang.Object, int, int, int, int)'> (0x000000071141f8e8) 
thrown [t:\workspace\open\src\hotspot\share\interpreter\linkResolver.cpp, line 766]

VM Operations (20 events):
Event: 2.370 Executing VM operation: Cleanup
Event: 2.370 Executing VM operation: Cleanup done
Event: 3.374 Executing VM operation: Cleanup
Event: 3.374 Executing VM operation: Cleanup done
Event: 4.379 Executing VM operation: Cleanup
Event: 4.379 Executing VM operation: Cleanup done
Event: 5.383 Executing VM operation: Cleanup
Event: 5.383 Executing VM operation: Cleanup done
Event: 6.387 Executing VM operation: Cleanup
Event: 6.387 Executing VM operation: Cleanup done
Event: 7.388 Executing VM operation: Cleanup
Event: 7.389 Executing VM operation: Cleanup done
Event: 8.393 Executing VM operation: Cleanup
Event: 8.393 Executing VM operation: Cleanup done
Event: 9.399 Executing VM operation: Cleanup
Event: 9.399 Executing VM operation: Cleanup done
Event: 10.403 Executing VM operation: Cleanup
Event: 10.403 Executing VM operation: Cleanup done
Event: 11.406 Executing VM operation: Cleanup
Event: 11.407 Executing VM operation: Cleanup done

Events (20 events):
Event: 0.774 loading class javax/swing/JInternalFrame
Event: 0.774 loading class javax/swing/JInternalFrame done
Event: 0.774 loading class javax/swing/KeyboardManager
Event: 0.774 loading class javax/swing/KeyboardManager done
Event: 0.774 loading class javax/swing/Popup$HeavyWeightWindow
Event: 0.774 loading class sun/awt/ModalExclude
Event: 0.774 loading class sun/awt/ModalExclude done
Event: 0.774 loading class javax/swing/JWindow
Event: 0.775 loading class javax/swing/JWindow done
Event: 0.775 loading class javax/swing/Popup$HeavyWeightWindow done
Event: 12.195 Thread 0x0000022cb2c52af0 Thread added: 0x0000022cb2c52af0
Event: 12.195 Thread 0x0000022cb2c52fc0 Thread added: 0x0000022cb2c52fc0
Event: 12.195 Thread 0x0000022cb36e4f90 Thread added: 0x0000022cb36e4f90
Event: 12.196 Thread 0x0000022cb2c52af0 Thread exited: 0x0000022cb2c52af0
Event: 12.196 Thread 0x0000022cb39aa220 Thread exited: 0x0000022cb39aa220
Event: 12.196 loading class java/util/WeakHashMap$KeyIterator
Event: 12.196 loading class java/util/WeakHashMap$HashIterator
Event: 12.196 loading class java/util/WeakHashMap$HashIterator done
Event: 12.196 loading class java/util/WeakHashMap$KeyIterator done
Event: 12.196 Thread 0x0000022cb2c52fc0 Thread exited: 0x0000022cb2c52fc0


Dynamic libraries:
0x00007ff6b05e0000 - 0x00007ff6b05f0000 	C:\Program Files\Java\jdk-17\bin\javaw.exe
0x00007ff835830000 - 0x00007ff835a25000 	C:\WINDOWS\SYSTEM32\ntdll.dll
0x00007ff8356b0000 - 0x00007ff83576e000 	C:\WINDOWS\System32\KERNEL32.DLL
0x00007ff833100000 - 0x00007ff8333c8000 	C:\WINDOWS\System32\KERNELBASE.dll
0x00007ff833500000 - 0x00007ff833600000 	C:\WINDOWS\System32\ucrtbase.dll
0x00007ff81eb20000 - 0x00007ff81eb38000 	C:\Program Files\Java\jdk-17\bin\jli.dll
0x00007ff834540000 - 0x00007ff8345ee000 	C:\WINDOWS\System32\ADVAPI32.dll
0x00007ff835410000 - 0x00007ff8354ae000 	C:\WINDOWS\System32\msvcrt.dll
0x00007ff81eb00000 - 0x00007ff81eb1a000 	C:\Program Files\Java\jdk-17\bin\VCRUNTIME140.dll
0x00007ff8354f0000 - 0x00007ff83558c000 	C:\WINDOWS\System32\sechost.dll
0x00007ff833a40000 - 0x00007ff833b65000 	C:\WINDOWS\System32\RPCRT4.dll
0x00007ff8338a0000 - 0x00007ff833a40000 	C:\WINDOWS\System32\USER32.dll
0x00007ff833420000 - 0x00007ff833442000 	C:\WINDOWS\System32\win32u.dll
0x00007ff8236a0000 - 0x00007ff82393a000 	C:\WINDOWS\WinSxS\amd64_microsoft.windows.common-controls_6595b64144ccf1df_6.0.19041.1110_none_60b5254171f9507e\COMCTL32.dll
0x00007ff835590000 - 0x00007ff8355ba000 	C:\WINDOWS\System32\GDI32.dll
0x00007ff832ff0000 - 0x00007ff8330fb000 	C:\WINDOWS\System32\gdi32full.dll
0x00007ff832f50000 - 0x00007ff832fed000 	C:\WINDOWS\System32\msvcp_win.dll
0x00007ff82d110000 - 0x00007ff82d11a000 	C:\WINDOWS\SYSTEM32\VERSION.dll
0x00007ff8354b0000 - 0x00007ff8354e0000 	C:\WINDOWS\System32\IMM32.DLL
0x00007ff82cca0000 - 0x00007ff82ccac000 	C:\Program Files\Java\jdk-17\bin\vcruntime140_1.dll
0x00007ffffee20000 - 0x00007ffffeead000 	C:\Program Files\Java\jdk-17\bin\msvcp140.dll
0x00007fffdcb80000 - 0x00007fffdd73e000 	C:\Program Files\Java\jdk-17\bin\server\jvm.dll
0x00007ff8354e0000 - 0x00007ff8354e8000 	C:\WINDOWS\System32\PSAPI.DLL
0x00007ff82a350000 - 0x00007ff82a377000 	C:\WINDOWS\SYSTEM32\WINMM.dll
0x00007ff80bd70000 - 0x00007ff80bd79000 	C:\WINDOWS\SYSTEM32\WSOCK32.dll
0x00007ff8345f0000 - 0x00007ff83465b000 	C:\WINDOWS\System32\WS2_32.dll
0x00007ff830e50000 - 0x00007ff830e62000 	C:\WINDOWS\SYSTEM32\kernel.appcore.dll
0x00007ff82eb00000 - 0x00007ff82eb0a000 	C:\Program Files\Java\jdk-17\bin\jimage.dll
0x00007ff828760000 - 0x00007ff828944000 	C:\WINDOWS\SYSTEM32\DBGHELP.DLL
0x00007ff8216c0000 - 0x00007ff8216ec000 	C:\WINDOWS\SYSTEM32\dbgcore.DLL
0x00007ff833800000 - 0x00007ff833882000 	C:\WINDOWS\System32\bcryptPrimitives.dll
0x00007ff81e2c0000 - 0x00007ff81e2e5000 	C:\Program Files\Java\jdk-17\bin\java.dll
0x00007ffffddc0000 - 0x00007ffffde96000 	C:\Program Files\Java\jdk-17\bin\svml.dll
0x00007ff834ad0000 - 0x00007ff835214000 	C:\WINDOWS\System32\SHELL32.dll
0x00007ff831050000 - 0x00007ff8317e4000 	C:\WINDOWS\SYSTEM32\windows.storage.dll
0x00007ff834130000 - 0x00007ff834484000 	C:\WINDOWS\System32\combase.dll
0x00007ff8329c0000 - 0x00007ff8329ec000 	C:\WINDOWS\SYSTEM32\Wldp.dll
0x00007ff835300000 - 0x00007ff8353ad000 	C:\WINDOWS\System32\SHCORE.dll
0x00007ff8353b0000 - 0x00007ff835405000 	C:\WINDOWS\System32\shlwapi.dll
0x00007ff832e90000 - 0x00007ff832eaf000 	C:\WINDOWS\SYSTEM32\profapi.dll
0x00007ffffdb70000 - 0x00007ffffdcff000 	C:\Program Files\Java\jdk-17\bin\awt.dll
0x00007ff834060000 - 0x00007ff83412d000 	C:\WINDOWS\System32\OLEAUT32.dll
0x00007ff830790000 - 0x00007ff830820000 	C:\WINDOWS\SYSTEM32\apphelp.dll
0x00007ff830b60000 - 0x00007ff830b8f000 	C:\WINDOWS\system32\DWMAPI.DLL
0x00007ff830950000 - 0x00007ff8309ee000 	C:\WINDOWS\system32\uxtheme.dll
0x00007ffffc400000 - 0x00007ffffc526000 	C:\WINDOWS\system32\opengl32.dll
0x00007ff81e9a0000 - 0x00007ff81e9cc000 	C:\WINDOWS\SYSTEM32\GLU32.dll
0x00007ff833eb0000 - 0x00007ff833fc5000 	C:\WINDOWS\System32\MSCTF.dll
0x00007ff833d80000 - 0x00007ff833eaa000 	C:\WINDOWS\System32\ole32.dll
0x00007ff832b40000 - 0x00007ff832b52000 	C:\WINDOWS\SYSTEM32\msasn1.dll
0x00007ff82d0d0000 - 0x00007ff82d101000 	C:\WINDOWS\SYSTEM32\cryptnet.dll
0x00007ff833600000 - 0x00007ff833756000 	C:\WINDOWS\System32\CRYPT32.dll
0x00007ff82cf30000 - 0x00007ff82d078000 	C:\WINDOWS\SYSTEM32\drvstore.dll
0x00007ff832d00000 - 0x00007ff832d2c000 	C:\WINDOWS\SYSTEM32\devobj.dll
0x00007ff8333d0000 - 0x00007ff83341e000 	C:\WINDOWS\System32\cfgmgr32.dll
0x00007ff832930000 - 0x00007ff83293c000 	C:\WINDOWS\SYSTEM32\cryptbase.dll
0x00007ff833760000 - 0x00007ff8337c8000 	C:\WINDOWS\System32\WINTRUST.DLL
0x00007ff835220000 - 0x00007ff83523d000 	C:\WINDOWS\System32\imagehlp.dll
0x00007ff832910000 - 0x00007ff832928000 	C:\WINDOWS\SYSTEM32\CRYPTSP.dll
0x00007ff831ff0000 - 0x00007ff832024000 	C:\WINDOWS\system32\rsaenh.dll
0x00007ff8337d0000 - 0x00007ff8337f7000 	C:\WINDOWS\System32\bcrypt.dll
0x00007ffff9f60000 - 0x00007ffffa227000 	C:\WINDOWS\system32\nvspcap64.dll
0x00007ff831c60000 - 0x00007ff831c93000 	C:\WINDOWS\SYSTEM32\ntmarta.dll
0x00007ff831800000 - 0x00007ff831823000 	C:\WINDOWS\SYSTEM32\gpapi.dll
0x00007ff82b350000 - 0x00007ff82b38b000 	C:\WINDOWS\SYSTEM32\dxcore.dll
0x00007ffffed90000 - 0x00007ffffee19000 	C:\Program Files\Java\jdk-17\bin\freetype.dll
0x00007ffffe970000 - 0x00007ffffea18000 	C:\Program Files\Java\jdk-17\bin\fontmanager.dll
0x00007ff81f6e0000 - 0x00007ff81f7d9000 	C:\WINDOWS\SYSTEM32\textinputframework.dll
0x00007ff830120000 - 0x00007ff83047e000 	C:\WINDOWS\System32\CoreUIComponents.dll
0x00007ff830480000 - 0x00007ff830572000 	C:\WINDOWS\System32\CoreMessaging.dll
0x00007ff82f490000 - 0x00007ff82f5e4000 	C:\WINDOWS\SYSTEM32\wintypes.dll
0x00007ff832e10000 - 0x00007ff832e3e000 	C:\WINDOWS\SYSTEM32\USERENV.dll
0x00007ff81e260000 - 0x00007ff81e279000 	C:\Program Files\Java\jdk-17\bin\net.dll
0x00007ff827150000 - 0x00007ff82725a000 	C:\WINDOWS\SYSTEM32\WINHTTP.dll
0x00007ff8326e0000 - 0x00007ff83274a000 	C:\WINDOWS\system32\mswsock.dll
0x00007ff832390000 - 0x00007ff8323cb000 	C:\WINDOWS\SYSTEM32\IPHLPAPI.DLL
0x00007ff8356a0000 - 0x00007ff8356a8000 	C:\WINDOWS\System32\NSI.dll
0x00007ff82d4e0000 - 0x00007ff82d4f7000 	C:\WINDOWS\SYSTEM32\dhcpcsvc6.DLL
0x00007ff82d4c0000 - 0x00007ff82d4dd000 	C:\WINDOWS\SYSTEM32\dhcpcsvc.DLL
0x00007ff8323e0000 - 0x00007ff8324ab000 	C:\WINDOWS\SYSTEM32\DNSAPI.dll
0x00007ff8188e0000 - 0x00007ff8188f5000 	C:\Program Files\Java\jdk-17\bin\nio.dll
0x00007ff8172d0000 - 0x00007ff8172e8000 	C:\Program Files\Java\jdk-17\bin\zip.dll

dbghelp: loaded successfully - version: 4.0.5 - missing functions: none
symbol engine: initialized successfully - sym options: 0x614 - pdb path: .;C:\Program Files\Java\jdk-17\bin;C:\WINDOWS\SYSTEM32;C:\WINDOWS\WinSxS\amd64_microsoft.windows.common-controls_6595b64144ccf1df_6.0.19041.1110_none_60b5254171f9507e;C:\Program Files\Java\jdk-17\bin\server;C:\WINDOWS\System32\DriverStore\FileRepository\nv_dispi.inf_amd64_c0e159863e7afdde

VM Arguments:
jvm_args: -Dfile.encoding=Cp1252 -XX:+ShowCodeDetailsInExceptionMessages 
java_command: com.gcstudios.main.Game
java_class_path (initial): C:\Users\danis\eclipse-workspace\Game_03\bin
Launcher Type: SUN_STANDARD

[Global flags]
     intx CICompilerCount                          = 4                                         {product} {ergonomic}
     uint ConcGCThreads                            = 3                                         {product} {ergonomic}
     uint G1ConcRefinementThreads                  = 10                                        {product} {ergonomic}
   size_t G1HeapRegionSize                         = 2097152                                   {product} {ergonomic}
    uintx GCDrainStackTargetSize                   = 64                                        {product} {ergonomic}
   size_t InitialHeapSize                          = 268435456                                 {product} {ergonomic}
   size_t MarkStackSize                            = 4194304                                   {product} {ergonomic}
   size_t MaxHeapSize                              = 4265607168                                {product} {ergonomic}
   size_t MaxNewSize                               = 2558525440                                {product} {ergonomic}
   size_t MinHeapDeltaBytes                        = 2097152                                   {product} {ergonomic}
   size_t MinHeapSize                              = 8388608                                   {product} {ergonomic}
    uintx NonNMethodCodeHeapSize                   = 5839372                                {pd product} {ergonomic}
    uintx NonProfiledCodeHeapSize                  = 122909434                              {pd product} {ergonomic}
    uintx ProfiledCodeHeapSize                     = 122909434                              {pd product} {ergonomic}
    uintx ReservedCodeCacheSize                    = 251658240                              {pd product} {ergonomic}
     bool SegmentedCodeCache                       = true                                      {product} {ergonomic}
     bool ShowCodeDetailsInExceptionMessages       = true                                   {manageable} {command line}
   size_t SoftMaxHeapSize                          = 4265607168                             {manageable} {ergonomic}
     bool UseCompressedClassPointers               = true                           {product lp64_product} {ergonomic}
     bool UseCompressedOops                        = true                           {product lp64_product} {ergonomic}
     bool UseG1GC                                  = true                                      {product} {ergonomic}
     bool UseLargePagesIndividualAllocation        = false                                  {pd product} {ergonomic}

Logging:
Log output configuration:
 #0: stdout all=warning uptime,level,tags
 #1: stderr all=off uptime,level,tags

Environment Variables:
PATH=C:/Program Files/Java/jdk-17/bin/server;C:/Program Files/Java/jdk-17/bin;C:\Program Files\Common Files\Oracle\Java\javapath;C:\Program Files (x86)\Common Files\Oracle\Java\javapath;C:\WINDOWS\system32;C:\WINDOWS;C:\WINDOWS\System32\Wbem;C:\WINDOWS\System32\WindowsPowerShell\v1.0\;C:\WINDOWS\System32\OpenSSH\;C:\Program Files\NVIDIA Corporation\NVIDIA NvDLISR;C:\Program Files (x86)\NVIDIA Corporation\PhysX\Common;C:\Users\danis\AppData\Local\Microsoft\WindowsApps;;C:\Users\danis\AppData\Local\Programs\Microsoft VS Code\bin;C:\Users\danis\OneDrive\Ambiente de Trabalho;
USERNAME=danis
OS=Windows_NT
PROCESSOR_IDENTIFIER=AMD64 Family 25 Model 33 Stepping 0, AuthenticAMD



---------------  S Y S T E M  ---------------

OS:
 Windows 10 , 64 bit Build 19041 (10.0.19041.1645)
OS uptime: 0 days 1:21 hours
Hyper-V role detected

CPU: total 12 (initial active 12) (12 cores per cpu, 2 threads per core) family 25 model 33 stepping 0 microcode 0x0, cx8, cmov, fxsr, ht, mmx, 3dnowpref, sse, sse2, sse3, ssse3, sse4a, sse4.1, sse4.2, popcnt, lzcnt, tsc, tscinvbit, avx, avx2, aes, erms, clmul, bmi1, bmi2, adx, sha, fma, vzeroupper, clflush, clflushopt, hv

Memory: 4k page, system-wide physical 16266M (10569M free)
TotalPageFile size 25482M (AvailPageFile size 17834M)
current process WorkingSet (physical memory assigned to process): 76M, peak: 87M
current process commit charge ("private bytes"): 382M, peak: 399M

vm_info: Java HotSpot(TM) 64-Bit Server VM (17+35-LTS-2724) for windows-amd64 JRE (17+35-LTS-2724), built on Aug  5 2021 23:28:28 by "mach5one" with MS VC++ 16.8 (VS2019)

END.
